14:00 64
15:00 271
16:00 496
17:00 731
18:00 965
19:00 1196
20:00 1443
21:00 1662
22:00 1863
23:00 2079
00:00 2297
01:00 2526
02:00 2751
03:00 2978
04:00 3204
05:00 3423
06:00 3647
07:00 3869
08:00 4092
09:00 4312
10:00 4524
11:00 4549
12:00 4550
13:00 4550
14:00 4550
15:00 4550
16:00 4550
17:00 4550
18:00 4550
19:00 4550
20:00 4550
21:00 4550
22:00 4550
23:00 4550
00:00 4550
01:00 4550
02:00 4550
03:00 4550
04:00 4550
05:00 4550
06:00 4550
07:00 4550
08:00 4550
09:00 4550
10:00 4550
11:00 4550
12:00 4550
13:00 4550
14:00 4550
15:00 4550
16:00 4550
